<?xml version="1.0" encoding="UTF-8"?>
<testng-results skipped="0" failed="0" ignored="0" total="4" passed="4">
  <reporter-output>
  </reporter-output>
  <suite name="Suite" duration-ms="34289" started-at="2019-10-02T10:59:48 IST" finished-at="2019-10-02T11:00:23 IST">
    <groups>
    </groups>
    <test name="Test" duration-ms="34289" started-at="2019-10-02T10:59:48 IST" finished-at="2019-10-02T11:00:23 IST">
      <class name="listeners.listenersTest">
        <test-method status="PASS" signature="f()[pri:0, instance:listeners.listenersTest@5c5a1b69]" name="f" duration-ms="16544" started-at="2019-10-02T10:59:48 IST" finished-at="2019-10-02T11:00:05 IST">
          <reporter-output>
          </reporter-output>
        </test-method> <!-- f -->
        <test-method status="PASS" signature="login()[pri:1, instance:listeners.listenersTest@5c5a1b69]" name="login" duration-ms="7605" started-at="2019-10-02T11:00:05 IST" finished-at="2019-10-02T11:00:12 IST">
          <reporter-output>
          </reporter-output>
        </test-method> <!-- login -->
        <test-method status="PASS" signature="mousehoverring()[pri:2, instance:listeners.listenersTest@5c5a1b69]" name="mousehoverring" duration-ms="3997" started-at="2019-10-02T11:00:13 IST" finished-at="2019-10-02T11:00:16 IST">
          <reporter-output>
          </reporter-output>
        </test-method> <!-- mousehoverring -->
        <test-method status="PASS" signature="M()[pri:3, instance:listeners.listenersTest@5c5a1b69]" name="M" duration-ms="6089" started-at="2019-10-02T11:00:17 IST" finished-at="2019-10-02T11:00:23 IST">
          <reporter-output>
          </reporter-output>
        </test-method> <!-- M -->
      </class> <!-- listeners.listenersTest -->
    </test> <!-- Test -->
  </suite> <!-- Suite -->
</testng-results>
