<?xml version="1.0" encoding="UTF-8"?>
<!-- Generated by org.testng.reporters.JUnitXMLReporter -->
<testsuite hostname="LAPTOP-NETDM4DM" ignored="0" name="Test" tests="4" failures="0" timestamp="2019-10-02T11:00:23 IST" time="34.289" errors="0">
  <testcase name="f" time="16.544" classname="listeners.listenersTest"/>
  <testcase name="login" time="7.605" classname="listeners.listenersTest"/>
  <testcase name="mousehoverring" time="3.997" classname="listeners.listenersTest"/>
  <testcase name="M" time="6.089" classname="listeners.listenersTest"/>
</testsuite> <!-- Test -->
