<?xml version="1.0" encoding="UTF-8"?>
<!-- Generated by org.testng.reporters.JUnitXMLReporter -->
<testsuite hostname="LAPTOP-NETDM4DM" ignored="0" name="Default test" tests="4" failures="0" timestamp="2019-10-02T10:56:59 IST" time="28.697" errors="0">
  <testcase name="f" time="12.095" classname="listeners.listenersTest"/>
  <testcase name="login" time="7.567" classname="listeners.listenersTest"/>
  <testcase name="mousehoverring" time="3.712" classname="listeners.listenersTest"/>
  <testcase name="M" time="5.276" classname="listeners.listenersTest"/>
</testsuite> <!-- Default test -->
